Wellness_App/build/app/outputs/mapping/release/seeds.txt
io.flutter.embedding.engine.renderer.SurfaceTextureWrapper: android.graphics.SurfaceTexture surfaceTexture()
io.flutter.view.AccessibilityViewEmbedder: java.lang.Integer getRecordFlutterId(android.view.View,android.view.accessibility.AccessibilityRecord)
io.flutter.plugin.platform.SingleViewPresentation: io.flutter.plugin.platform.SingleViewPresentation$PresentationState detachState()
io.flutter.embedding.engine.systemchannels.PlatformChannel$SystemUiMode: io.flutter.embedding.engine.systemchannels.PlatformChannel$SystemUiMode valueOf(java.lang.String)
io.flutter.embedding.engine.FlutterJNI: void onFirstFrame()
io.flutter.embedding.android.FlutterTextureView: io.flutter.embedding.engine.renderer.FlutterRenderer getAttachedRenderer()
io.flutter.embedding.engine.mutatorsstack.FlutterMutatorsStack: java.util.List getMutators()
io.flutter.embedding.engine.FlutterJNI: void updateSemantics(java.nio.ByteBuffer,java.lang.String[],java.nio.ByteBuffer[])
io.flutter.embedding.engine.FlutterJNI: void onSurfaceChanged(int,int)
io.flutter.embedding.android.FlutterActivityLaunchConfigs$BackgroundMode: io.flutter.embedding.android.FlutterActivityLaunchConfigs$BackgroundMode[] values()
io.flutter.embedding.engine.FlutterJNI: void prefetchDefaultFontManager()
io.flutter.embedding.engine.FlutterJNI: void nativeRunBundleAndSnapshotFromLibrary(long,java.lang.String,java.lang.String,java.lang.String,android.content.res.AssetManager)
io.flutter.embedding.android.FlutterView: android.view.accessibility.AccessibilityNodeProvider getAccessibilityNodeProvider()
io.flutter.embedding.engine.FlutterJNI: void dispatchPlatformMessage(java.lang.String,java.nio.ByteBuffer,int,int)
io.flutter.embedding.engine.FlutterJNI: void onDisplayPlatformView(int,int,int,int,int,int,int,io.flutter.embedding.engine.mutatorsstack.FlutterMutatorsStack)
io.flutter.embedding.engine.plugins.lifecycle.HiddenLifecycleReference: androidx.lifecycle.Lifecycle getLifecycle()
io.flutter.embedding.engine.renderer.SurfaceTextureWrapper: void attachToGLContext(int)
io.flutter.view.AccessibilityBridge$AccessibilityFeature: io.flutter.view.AccessibilityBridge$AccessibilityFeature valueOf(java.lang.String)
io.flutter.plugin.platform.SingleViewPresentation: SingleViewPresentation(android.content.Context,android.view.Display,io.flutter.plugin.platform.AccessibilityEventsDelegate,io.flutter.plugin.platform.SingleViewPresentation$PresentationState,android.view.View$OnFocusChangeListener,boolean)
io.flutter.embedding.android.TransparencyMode: io.flutter.embedding.android.TransparencyMode[] values()
io.flutter.view.AccessibilityBridge$StringAttributeType: io.flutter.view.AccessibilityBridge$StringAttributeType[] values()
io.flutter.embedding.engine.FlutterJNI: void onBeginFrame()
io.flutter.embedding.engine.FlutterJNI: void setViewportMetrics(float,int,int,int,int,int,int,int,int,int,int,int,int,int,int,int)
io.flutter.embedding.engine.FlutterJNI: boolean nativeFlutterTextUtilsIsEmoji(int)
io.flutter.embedding.engine.FlutterJNI: void onSurfaceDestroyed()
io.flutter.view.AccessibilityViewEmbedder: boolean onAccessibilityHoverEvent(int,android.view.MotionEvent)
android.support.v4.graphics.drawable.IconCompatParcelizer: IconCompatParcelizer()
io.flutter.plugin.editing.ImeSyncDeferringInsetsCallback: android.view.WindowInsets access$402(io.flutter.plugin.editing.ImeSyncDeferringInsetsCallback,android.view.WindowInsets)
com.example.flutter_auth.MainActivity: MainActivity()
io.flutter.view.AccessibilityViewEmbedder: AccessibilityViewEmbedder(android.view.View,int)
io.flutter.embedding.engine.FlutterJNI: void nativeInvokePlatformMessageResponseCallback(long,int,java.nio.ByteBuffer,int)
io.flutter.embedding.engine.FlutterJNI: boolean getIsSoftwareRenderingEnabled()
io.flutter.embedding.engine.systemchannels.SettingsChannel$PlatformBrightness: io.flutter.embedding.engine.systemchannels.SettingsChannel$PlatformBrightness[] values()