Wellness_App/build/app/outputs/mapping/release/mapping.txt
# compiler: R8
# compiler_version: 3.0.62
# min_api: 16
# pg_map_id: ae84522
# common_typos_disable
...
io.flutter.embedding.engine.systemchannels.LocalizationChannel -> q.f:
    io.flutter.plugin.common.MethodChannel$MethodCallHandler handler -> c
    io.flutter.plugin.common.MethodChannel channel -> a
    io.flutter.embedding.engine.systemchannels.LocalizationChannel$LocalizationMessageHandler localizationMessageHandler -> b
    io.flutter.embedding.engine.systemchannels.LocalizationChannel$LocalizationMessageHandler access$000(io.flutter.embedding.engine.systemchannels.LocalizationChannel) -> a
    void sendLocales(java.util.List) -> b
    void setLocalizationMessageHandler(io.flutter.embedding.engine.systemchannels.LocalizationChannel$LocalizationMessageHandler) -> c
io.flutter.embedding.engine.systemchannels.LocalizationChannel$1 -> q.f$a:
    io.flutter.embedding.engine.systemchannels.LocalizationChannel this$0 -> a
    void onMethodCall(io.flutter.plugin.common.MethodCall,io.flutter.plugin.common.MethodChannel$Result) -> a
io.flutter.embedding.engine.systemchannels.LocalizationChannel$LocalizationMessageHandler -> q.f$b:
    java.lang.String getStringResource(java.lang.String,java.lang.String) -> a
io.flutter.embedding.engine.systemchannels.MouseCursorChannel -> q.g:
    io.flutter.embedding.engine.systemchannels.MouseCursorChannel$MouseCursorMethodHandler mouseCursorMethodHandler -> b
    io.flutter.plugin.common.MethodChannel$MethodCallHandler parsingMethodCallHandler -> c
    io.flutter.plugin.common.MethodChannel channel -> a
    io.flutter.embedding.engine.systemchannels.MouseCursorChannel$MouseCursorMethodHandler access$000(io.flutter.embedding.engine.systemchannels.MouseCursorChannel) -> a
    void setMethodHandler(io.flutter.embedding.engine.systemchannels.MouseCursorChannel$MouseCursorMethodHandler) -> b
io.flutter.embedding.engine.systemchannels.MouseCursorChannel$1 -> q.g$a:
    io.flutter.embedding.engine.systemchannels.MouseCursorChannel this$0 -> a
    void onMethodCall(io.flutter.plugin.common.MethodCall,io.flutter.plugin.common.MethodChannel$Result) -> a
io.flutter.embedding.engine.systemchannels.MouseCursorChannel$MouseCursorMethodHandler -> q.g$b:
    void activateSystemCursor(java.lang.String) -> a
io.flutter.embedding.engine.systemchannels.NavigationChannel -> q.h:
    io.flutter.plugin.common.MethodChannel channel -> a
    void popRoute() -> a
    void pushRoute(java.lang.String) -> b
    void setInitialRoute(java.lang.String) -> c
io.flutter.embedding.engine.systemchannels.PlatformChannel -> q.i:
    io.flutter.plugin.common.MethodChannel$MethodCallHandler parsingMethodCallHandler -> c
    io.flutter.embedding.engine.systemchannels.PlatformChannel$PlatformMessageHandler platformMessageHandler -> b
    io.flutter.plugin.common.MethodChannel channel -> a
    io.flutter.embedding.engine.systemchannels.PlatformChannel$PlatformMessageHandler access$000(io.flutter.embedding.engine.systemchannels.PlatformChannel) -> a
    int access$100(io.flutter.embedding.engine.systemchannels.PlatformChannel,org.json.JSONArray) -> b
    io.flutter.embedding.engine.systemchannels.PlatformChannel$AppSwitcherDescription access$200(io.flutter.embedding.engine.systemchannels.PlatformChannel,org.json.JSONObject) -> c
    java.util.List access$300(io.flutter.embedding.engine.systemchannels.PlatformChannel,org.json.JSONArray) -> d
    io.flutter.embedding.engine.systemchannels.PlatformChannel$SystemUiMode access$400(io.flutter.embedding.engine.systemchannels.PlatformChannel,java.lang.String) -> e
    io.flutter.embedding.engine.systemchannels.PlatformChannel$SystemChromeStyle access$500(io.flutter.embedding.engine.systemchannels.PlatformChannel,org.json.JSONObject) -> f
    io.flutter.embedding.engine.systemchannels.PlatformChannel$AppSwitcherDescription decodeAppSwitcherDescription(org.json.JSONObject) -> g
    int decodeOrientations(org.json.JSONArray) -> h