Wellness_App/build/app/outputs/mapping/release/usage.txt
kotlin.Result
kotlin.ResultKt
kotlin.SafePublicationLazyImpl$Companion
kotlin.SafePublicationLazyImpl
kotlin.SinceKotlin
kotlin.StandardKt
kotlin.StandardKt__StandardKt
kotlin.StandardKt__SynchronizedKt
kotlin.Suppress
kotlin.SuspendKt
kotlin.SynchronizedLazyImpl
kotlin.ThrowsKt
kotlin.Triple
kotlin.TuplesKt
kotlin.TypeAliasesKt
kotlin.TypeCastException:
    public void <init>()
kotlin.UByte$Companion
kotlin.UByte
kotlin.UByteArray$Iterator
kotlin.UByteArray
kotlin.UByteArrayKt
kotlin.UByteKt
kotlin.UInt$Companion
kotlin.UInt
kotlin.UIntArray$Iterator
kotlin.UIntArray
kotlin.UIntArrayKt
kotlin.UIntKt
kotlin.ULong$Companion
kotlin.ULong
kotlin.ULongArray$Iterator
kotlin.ULongArray
kotlin.ULongArrayKt
kotlin.ULongKt
kotlin.UNINITIALIZED_VALUE
kotlin.UNumbersKt
kotlin.UShort$Companion
kotlin.UShort
kotlin.UShortArray$Iterator
kotlin.UShortArray
kotlin.UShortArrayKt
kotlin.UShortKt
kotlin.UninitializedPropertyAccessException:
    public void <init>(java.lang.String,java.lang.Throwable)
    public void <init>(java.lang.Throwable)
kotlin.Unit
kotlin.UnsafeLazyImpl
kotlin.UnsafeVariance
kotlin.UnsignedKt
kotlin.UseExperimental
kotlin.WasExperimental
kotlin._Assertions
kotlin.annotation.AnnotationRetention
kotlin.annotation.AnnotationTarget
kotlin.annotation.MustBeDocumented
kotlin.annotation.Repeatable
kotlin.annotation.Retention
kotlin.annotation.Target
kotlin.collections.AbstractCollection$toString$1
kotlin.collections.AbstractCollection
kotlin.collections.AbstractIterator$WhenMappings
kotlin.collections.AbstractIterator
kotlin.collections.AbstractList$Companion
kotlin.collections.AbstractList$IteratorImpl
kotlin.collections.AbstractList$ListIteratorImpl
kotlin.collections.AbstractList$SubList
kotlin.collections.AbstractList
kotlin.collections.AbstractMap$Companion
kotlin.collections.AbstractMap$keys$1$iterator$1
kotlin.collections.AbstractMap$keys$1
kotlin.collections.AbstractMap$toString$1
kotlin.collections.AbstractMap$values$1$iterator$1
kotlin.collections.AbstractMap$values$1
kotlin.collections.AbstractMap
kotlin.collections.AbstractMutableCollection
kotlin.collections.AbstractMutableList
kotlin.collections.AbstractMutableMap
kotlin.collections.AbstractMutableSet
kotlin.collections.AbstractSet$Companion
kotlin.collections.AbstractSet
kotlin.collections.ArrayAsCollection
kotlin.collections.ArrayDeque$Companion
kotlin.collections.ArrayDeque
kotlin.collections.ArraysKt
kotlin.collections.ArraysKt__ArraysJVMKt
kotlin.collections.ArraysKt__ArraysKt
kotlin.collections.ArraysKt___ArraysJvmKt$asList$1
kotlin.collections.ArraysKt___ArraysJvmKt$asList$2
kotlin.collections.ArraysKt___ArraysJvmKt$asList$3
kotlin.collections.ArraysKt___ArraysJvmKt$asList$4
kotlin.collections.ArraysKt___ArraysJvmKt$asList$5
kotlin.collections.ArraysKt___ArraysJvmKt$asList$6
kotlin.collections.ArraysKt___ArraysJvmKt$asList$7
kotlin.collections.ArraysKt___ArraysJvmKt$asList$8
kotlin.collections.ArraysKt___ArraysJvmKt
kotlin.collections.ArraysKt___ArraysKt$asIterable$$inlined$Iterable$1
kotlin.collections.ArraysKt___ArraysKt$asIterable$$inlined$Iterable$2
kotlin.collections.ArraysKt___ArraysKt$asIterable$$inlined$Iterable$3
kotlin.collections.ArraysKt___ArraysKt$asIterable$$inlined$Iterable$4
kotlin.collections.ArraysKt___ArraysKt$asIterable$$inlined$Iterable$5
kotlin.collections.ArraysKt___ArraysKt$asIterable$$inlined$Iterable$6
kotlin.collections.ArraysKt___ArraysKt$asIterable$$inlined$Iterable$7
kotlin.collections.ArraysKt___ArraysKt$asIterable$$inlined$Iterable$8
kotlin.collections.ArraysKt___ArraysKt$asIterable$$inlined$Iterable$9
kotlin.collections.ArraysKt___ArraysKt$asSequence$$inlined$Sequence$1
kotlin.collections.ArraysKt___ArraysKt$asSequence$$inlined$Sequence$2
kotlin.collections.ArraysKt___ArraysKt$asSequence$$inlined$Sequence$3
kotlin.collections.ArraysKt___ArraysKt$asSequence$$inlined$Sequence$4
kotlin.collections.ArraysKt___ArraysKt$asSequence$$inlined$Sequence$5
kotlin.collections.ArraysKt___ArraysKt$asSequence$$inlined$Sequence$6